Time       moves_acc moves_gen     F(Q)_1     Bragg   X_ray_(R)1
h/m/s/.th    WEIGHT PARAMETERS   0.100E+01  0.100E+01  0.100E+01
112211.602         653        1259  0.904E-02  0.541E-02  0.889E-02
113211.792        1359        2750  0.905E-02  0.539E-02  0.893E-02
114211.709        2039        4267  0.905E-02  0.537E-02  0.892E-02
115212.011        2676        5780  0.905E-02  0.536E-02  0.891E-02
120211.596        3338        7319  0.905E-02  0.535E-02  0.890E-02
121211.863        4032        8878  0.904E-02  0.534E-02  0.889E-02
122211.881        4713       10431  0.904E-02  0.533E-02  0.888E-02
123211.608        5388       12023  0.904E-02  0.532E-02  0.887E-02
124211.606        6038       13578  0.904E-02  0.531E-02  0.886E-02
125211.671        6711       15157  0.904E-02  0.530E-02  0.885E-02
130211.881        7369       16726  0.904E-02  0.529E-02  0.883E-02
131211.627        8040       18296  0.904E-02  0.528E-02  0.882E-02
132211.527        8707       19876  0.903E-02  0.527E-02  0.881E-02
133211.567        9373       21442  0.903E-02  0.526E-02  0.879E-02
134211.689       10015       23010  0.903E-02  0.525E-02  0.877E-02
135211.531       10667       24598  0.903E-02  0.525E-02  0.875E-02
140211.871       11362       26187  0.903E-02  0.524E-02  0.875E-02
141211.653       11976       27731  0.902E-02  0.523E-02  0.874E-02
142211.782       12593       29262  0.902E-02  0.522E-02  0.872E-02
143211.794       13245       30846  0.902E-02  0.521E-02  0.871E-02
144211.861       13847       32318  0.902E-02  0.520E-02  0.870E-02
145211.782       14468       33880  0.902E-02  0.519E-02  0.868E-02
150211.857       15086       35413  0.902E-02  0.519E-02  0.867E-02
151211.779       15722       36961  0.902E-02  0.518E-02  0.866E-02
152211.885       16413       38551  0.901E-02  0.517E-02  0.864E-02
153211.729       17039       40125  0.901E-02  0.516E-02  0.863E-02
154211.748       17685       41688  0.901E-02  0.515E-02  0.860E-02
155211.845       18348       43264  0.901E-02  0.515E-02  0.858E-02
160211.834       18992       44836  0.901E-02  0.514E-02  0.857E-02
161211.647       19627       46383  0.901E-02  0.513E-02  0.856E-02
162211.588       20316       47946  0.901E-02  0.512E-02  0.855E-02
163211.884       20978       49486  0.901E-02  0.511E-02  0.854E-02
164211.827       21643       51064  0.901E-02  0.510E-02  0.852E-02
165211.632       22320       52613  0.901E-02  0.509E-02  0.851E-02
170211.685       22967       54185  0.900E-02  0.509E-02  0.850E-02
171211.565       23622       55765  0.900E-02  0.508E-02  0.848E-02
172211.877       24293       57314  0.900E-02  0.507E-02  0.847E-02
173211.698       24926       58863  0.900E-02  0.506E-02  0.847E-02
174211.798       25620       60435  0.900E-02  0.504E-02  0.845E-02
175211.776       26267       62018  0.900E-02  0.504E-02  0.844E-02
180211.794       26908       63579  0.900E-02  0.503E-02  0.843E-02
181211.822       27590       65127  0.899E-02  0.502E-02  0.841E-02
182211.736       28208       66660  0.899E-02  0.501E-02  0.840E-02
183211.992       28839       68236  0.899E-02  0.500E-02  0.839E-02
184211.833       29496       69796  0.899E-02  0.499E-02  0.838E-02
185211.955       30131       71344  0.899E-02  0.498E-02  0.837E-02
190211.833       30788       72909  0.899E-02  0.497E-02  0.837E-02
191211.804       31401       74403  0.899E-02  0.496E-02  0.835E-02
192211.702       32045       75936  0.899E-02  0.496E-02  0.833E-02
193211.774       32644       77416  0.899E-02  0.495E-02  0.833E-02
194211.908       33290       78943  0.898E-02  0.494E-02  0.832E-02
195211.695       33941       80474  0.898E-02  0.493E-02  0.831E-02
200211.949       34616       82028  0.898E-02  0.492E-02  0.829E-02
201211.995       35242       83527  0.898E-02  0.491E-02  0.829E-02
202211.790       35895       85082  0.898E-02  0.490E-02  0.828E-02
203211.734       36544       86582  0.898E-02  0.489E-02  0.826E-02
204211.870       37153       88106  0.897E-02  0.489E-02  0.825E-02
205211.958       37790       89668  0.897E-02  0.488E-02  0.825E-02
210211.881       38440       91216  0.897E-02  0.487E-02  0.824E-02
211211.678       39060       92782  0.897E-02  0.486E-02  0.823E-02
212211.668       39701       94345  0.897E-02  0.485E-02  0.822E-02
213211.618       40362       95912  0.897E-02  0.484E-02  0.820E-02
214211.937       41010       97482  0.897E-02  0.483E-02  0.819E-02
215211.908       41621       98981  0.897E-02  0.482E-02  0.819E-02
220211.635       42273      100534  0.896E-02  0.482E-02  0.817E-02
221211.809       42922      102069  0.896E-02  0.480E-02  0.816E-02
222211.931       43588      103624  0.896E-02  0.480E-02  0.815E-02
223211.857       44192      105149  0.896E-02  0.479E-02  0.814E-02
224211.981       44807      106685  0.896E-02  0.478E-02  0.814E-02
225211.916       45398      108184  0.896E-02  0.477E-02  0.813E-02
230211.767       45989      109642  0.896E-02  0.476E-02  0.812E-02
231211.670       46588      111114  0.896E-02  0.475E-02  0.811E-02
232211.854       47251      112655  0.896E-02  0.475E-02  0.810E-02
233211.580       47839      114128  0.896E-02  0.474E-02  0.808E-02
234211.603       48446      115659  0.896E-02  0.473E-02  0.807E-02
235211.872       49026      117073  0.895E-02  0.473E-02  0.805E-02
000211.636       49611      118535  0.895E-02  0.472E-02  0.804E-02
001211.891       50223      120033  0.895E-02  0.471E-02  0.803E-02
002211.854       50850      121553  0.895E-02  0.470E-02  0.802E-02
003211.504       51457      123110  0.895E-02  0.470E-02  0.801E-02
004211.818       52103      124654  0.895E-02  0.469E-02  0.800E-02
005211.775       52721      126209  0.894E-02  0.469E-02  0.798E-02
010211.805       53344      127765  0.894E-02  0.468E-02  0.797E-02
011211.878       53941      129308  0.894E-02  0.467E-02  0.797E-02
012211.573       54587      130862  0.894E-02  0.466E-02  0.796E-02
013211.899       55215      132395  0.894E-02  0.465E-02  0.794E-02
014211.666       55832      133953  0.894E-02  0.465E-02  0.793E-02
015211.788       56455      135498  0.893E-02  0.464E-02  0.792E-02
020211.611       57086      137050  0.893E-02  0.463E-02  0.791E-02
021211.986       57713      138615  0.893E-02  0.462E-02  0.790E-02
022211.715       58341      140158  0.893E-02  0.462E-02  0.789E-02
023211.667       58957      141723  0.893E-02  0.461E-02  0.788E-02
024211.601       59376      143267  0.893E-02  0.460E-02  0.788E-02
025211.807       59376      144764  0.893E-02  0.460E-02  0.788E-02
030211.598       59968      146332  0.893E-02  0.460E-02  0.787E-02
031211.923       60610      147893  0.893E-02  0.459E-02  0.786E-02
032211.619       61246      149451  0.892E-02  0.458E-02  0.785E-02
033211.817       61893      150969  0.892E-02  0.457E-02  0.784E-02
034211.678       62543      152522  0.892E-02  0.456E-02  0.783E-02
035211.891       63158      154095  0.892E-02  0.456E-02  0.782E-02
040211.915       63778      155664  0.892E-02  0.455E-02  0.781E-02
041211.862       64404      157239  0.892E-02  0.454E-02  0.780E-02
042211.768       65050      158814  0.892E-02  0.453E-02  0.779E-02
043211.755       65686      160372  0.892E-02  0.452E-02  0.778E-02
044211.668       66330      161919  0.892E-02  0.452E-02  0.777E-02
045211.854       66950      163465  0.892E-02  0.451E-02  0.776E-02
050211.764       67573      165021  0.891E-02  0.450E-02  0.775E-02
051211.892       68207      166582  0.891E-02  0.450E-02  0.774E-02
052211.567       68821      168144  0.891E-02  0.449E-02  0.773E-02
053211.657       69454      169710  0.891E-02  0.448E-02  0.771E-02
054211.526       70078      171263  0.891E-02  0.447E-02  0.771E-02
055212.068       70707      172824  0.891E-02  0.447E-02  0.770E-02
060211.580       71323      174366  0.891E-02  0.446E-02  0.769E-02
061211.624       71873      175902  0.890E-02  0.445E-02  0.768E-02
062211.699       72517      177451  0.890E-02  0.444E-02  0.767E-02
063211.888       73124      179010  0.890E-02  0.444E-02  0.766E-02
064211.699       73720      180524  0.890E-02  0.443E-02  0.764E-02
065211.575       74305      181992  0.890E-02  0.443E-02  0.764E-02
070211.874       74874      183459  0.889E-02  0.442E-02  0.763E-02
071211.828       75406      184900  0.889E-02  0.441E-02  0.762E-02
072211.781       75994      186383  0.889E-02  0.441E-02  0.761E-02
073211.585       76535      187835  0.889E-02  0.440E-02  0.761E-02
074211.609       77144      189378  0.889E-02  0.439E-02  0.760E-02
075211.742       77755      190950  0.889E-02  0.438E-02  0.760E-02
080211.761       78370      192516  0.889E-02  0.437E-02  0.759E-02
081211.881       78982      194072  0.889E-02  0.437E-02  0.758E-02
082211.601       79594      195631  0.889E-02  0.436E-02  0.758E-02
083211.833       80223      197181  0.888E-02  0.435E-02  0.757E-02
084211.779       80836      198748  0.888E-02  0.434E-02  0.756E-02
085211.551       81456      200322  0.888E-02  0.434E-02  0.755E-02
090211.701       82099      201856  0.888E-02  0.433E-02  0.754E-02
091211.651       82721      203418  0.888E-02  0.432E-02  0.753E-02
092211.683       83340      204965  0.888E-02  0.431E-02  0.752E-02
093211.844       83976      206520  0.888E-02  0.431E-02  0.751E-02
094211.635       84573      208065  0.887E-02  0.430E-02  0.750E-02
095211.591       85212      209632  0.887E-02  0.429E-02  0.749E-02
100211.733       85846      211181  0.887E-02  0.429E-02  0.748E-02
101211.873       86457      212723  0.887E-02  0.428E-02  0.748E-02
102212.055       87055      214262  0.887E-02  0.427E-02  0.746E-02
103211.714       87684      215825  0.887E-02  0.426E-02  0.746E-02
104211.795       88280      217394  0.887E-02  0.426E-02  0.745E-02
105211.626       88900      218939  0.887E-02  0.425E-02  0.744E-02
110211.760       89526      220503  0.887E-02  0.424E-02  0.743E-02
111211.985       90150      222067  0.887E-02  0.424E-02  0.742E-02
112211.823       90777      223616  0.886E-02  0.423E-02  0.741E-02
113211.650       91416      225166  0.886E-02  0.422E-02  0.740E-02
114211.626       92039      226710  0.886E-02  0.422E-02  0.739E-02
115211.934       92655      228262  0.886E-02  0.421E-02  0.738E-02
120211.847       93246      229821  0.886E-02  0.421E-02  0.736E-02
121211.702       93849      231335  0.886E-02  0.420E-02  0.736E-02
122211.974       94422      232785  0.886E-02  0.419E-02  0.735E-02
123212.042       95025      234256  0.886E-02  0.419E-02  0.734E-02
124211.795       95615      235763  0.885E-02  0.418E-02  0.734E-02
125211.846       96212      237239  0.885E-02  0.417E-02  0.733E-02
130211.629       96824      238717  0.885E-02  0.417E-02  0.732E-02
131211.816       97377      240178  0.885E-02  0.416E-02  0.732E-02
132211.661       97949      241668  0.885E-02  0.415E-02  0.731E-02
133211.887       98544      243222  0.885E-02  0.415E-02  0.730E-02
134211.593       99153      244754  0.885E-02  0.414E-02  0.729E-02
135211.808       99699      246131  0.885E-02  0.414E-02  0.728E-02
140211.698      100259      247587  0.885E-02  0.413E-02  0.727E-02
141211.596      100872      249153  0.884E-02  0.412E-02  0.726E-02
142211.883      101443      250678  0.884E-02  0.412E-02  0.725E-02
143211.864      102048      252263  0.884E-02  0.411E-02  0.725E-02
144211.775      102658      253822  0.884E-02  0.410E-02  0.724E-02
145211.801      103227      255363  0.884E-02  0.410E-02  0.724E-02
150211.895      103853      256934  0.884E-02  0.409E-02  0.723E-02
151211.816      104487      258469  0.884E-02  0.408E-02  0.722E-02
152211.902      105121      260022  0.884E-02  0.407E-02  0.722E-02
153211.776      105712      261593  0.884E-02  0.407E-02  0.721E-02
154211.669      106283      263118  0.884E-02  0.406E-02  0.720E-02
155211.663      106899      264713  0.883E-02  0.405E-02  0.719E-02
160211.798      107446      266252  0.883E-02  0.405E-02  0.719E-02
161211.617      108083      267809  0.883E-02  0.404E-02  0.718E-02
162211.692      108704      269303  0.883E-02  0.403E-02  0.717E-02
163211.757      109303      270881  0.883E-02  0.403E-02  0.716E-02
164211.807      109932      272468  0.883E-02  0.402E-02  0.715E-02
165211.893      110535      273961  0.883E-02  0.401E-02  0.715E-02
170211.766      111140      275468  0.883E-02  0.401E-02  0.714E-02
171211.636      111721      277004  0.883E-02  0.400E-02  0.713E-02
172211.562      112345      278600  0.882E-02  0.400E-02  0.712E-02
173211.614      112948      280176  0.882E-02  0.399E-02  0.711E-02
174211.802      113562      281749  0.882E-02  0.398E-02  0.711E-02
175211.758      114147      283236  0.882E-02  0.398E-02  0.710E-02
180211.655      114732      284792  0.882E-02  0.397E-02  0.709E-02
181211.845      115335      286326  0.882E-02  0.396E-02  0.709E-02
182211.756      115922      287820  0.882E-02  0.395E-02  0.709E-02
183211.743      116519      289358  0.882E-02  0.395E-02  0.708E-02
184211.794      117118      290950  0.882E-02  0.394E-02  0.708E-02
185211.743      117703      292531  0.882E-02  0.393E-02  0.707E-02
190211.812      118301      294067  0.881E-02  0.393E-02  0.706E-02
191211.820      118927      295620  0.881E-02  0.392E-02  0.705E-02
192211.951      119511      297148  0.881E-02  0.392E-02  0.705E-02
193211.819      120115      298693  0.881E-02  0.391E-02  0.704E-02
194211.584      120717      300251  0.881E-02  0.390E-02  0.703E-02
195211.601      121343      301842  0.881E-02  0.390E-02  0.702E-02
200211.658      121959      303406  0.881E-02  0.389E-02  0.701E-02
201211.782      122544      304994  0.881E-02  0.388E-02  0.700E-02
202211.601      123171      306535  0.881E-02  0.388E-02  0.700E-02
203211.684      123790      308063  0.881E-02  0.387E-02  0.699E-02
204211.742      124419      309620  0.881E-02  0.386E-02  0.699E-02
205211.703      124993      311164  0.881E-02  0.385E-02  0.698E-02
210211.843      125601      312745  0.881E-02  0.385E-02  0.697E-02
211211.832      126219      314324  0.881E-02  0.384E-02  0.697E-02
212211.619      126811      315873  0.880E-02  0.384E-02  0.696E-02
213211.685      127425      317405  0.880E-02  0.383E-02  0.696E-02
214211.571      128066      318983  0.880E-02  0.382E-02  0.695E-02
215211.990      128658      320536  0.880E-02  0.382E-02  0.694E-02
220211.862      129237      322088  0.880E-02  0.381E-02  0.693E-02
221211.752      129826      323630  0.880E-02  0.381E-02  0.693E-02
222211.726      130408      325149  0.880E-02  0.380E-02  0.693E-02
223211.939      130994      326640  0.880E-02  0.379E-02  0.692E-02
224211.615      131605      328197  0.880E-02  0.379E-02  0.691E-02
225211.707      132241      329775  0.879E-02  0.378E-02  0.690E-02
230211.572      132849      331313  0.879E-02  0.377E-02  0.689E-02
231211.953      133434      332802  0.879E-02  0.377E-02  0.688E-02
232211.776      134021      334268  0.879E-02  0.376E-02  0.688E-02
233211.764      134573      335709  0.879E-02  0.376E-02  0.687E-02
234211.625      135164      337228  0.879E-02  0.375E-02  0.687E-02
235211.803      135691      338649  0.879E-02  0.374E-02  0.686E-02
000211.822      136222      340109  0.879E-02  0.374E-02  0.686E-02
001212.026      136799      341608  0.879E-02  0.373E-02  0.685E-02
002211.929      137371      343107  0.879E-02  0.373E-02  0.684E-02
003211.803      137916      344554  0.879E-02  0.372E-02  0.684E-02
004211.547      138501      346079  0.879E-02  0.372E-02  0.683E-02
005211.943      139085      347598  0.879E-02  0.371E-02  0.683E-02
010211.731      139672      349143  0.878E-02  0.371E-02  0.682E-02
011212.071      140232      350662  0.878E-02  0.370E-02  0.681E-02
012211.641      140834      352237  0.878E-02  0.369E-02  0.680E-02
013211.594      141451      353838  0.878E-02  0.369E-02  0.679E-02
014211.944      142071      355394  0.878E-02  0.368E-02  0.679E-02
015211.792      142668      356938  0.878E-02  0.368E-02  0.678E-02
020211.640      143248      358476  0.878E-02  0.367E-02  0.677E-02
021211.621      143799      360037  0.878E-02  0.367E-02  0.676E-02
022211.960      144369      361617  0.878E-02  0.366E-02  0.676E-02
023211.742      144987      363189  0.878E-02  0.365E-02  0.675E-02
024211.645      145611      364765  0.878E-02  0.365E-02  0.674E-02
025211.668      146226      366337  0.878E-02  0.364E-02  0.674E-02
030211.575      146821      367910  0.877E-02  0.364E-02  0.673E-02
031211.878      147433      369492  0.877E-02  0.363E-02  0.673E-02
032211.952      148045      371061  0.877E-02  0.362E-02  0.672E-02
033211.732      148650      372626  0.877E-02  0.362E-02  0.671E-02
034211.846      149223      374212  0.877E-02  0.361E-02  0.671E-02
035211.868      149816      375757  0.877E-02  0.360E-02  0.670E-02
040211.874      150420      377324  0.877E-02  0.360E-02  0.670E-02
041211.788      150994      378876  0.877E-02  0.359E-02  0.669E-02
042211.936      151580      380421  0.876E-02  0.359E-02  0.668E-02
043211.731      152206      381994  0.876E-02  0.358E-02  0.668E-02
044211.699      152799      383563  0.876E-02  0.358E-02  0.667E-02
045211.619      153395      385132  0.876E-02  0.357E-02  0.666E-02
050211.626      153966      386701  0.876E-02  0.357E-02  0.665E-02
051211.929      154567      388276  0.876E-02  0.356E-02  0.664E-02
052211.562      155192      389856  0.876E-02  0.355E-02  0.664E-02
053211.650      155815      391427  0.876E-02  0.355E-02  0.663E-02
054211.714      156371      392985  0.876E-02  0.354E-02  0.663E-02
055211.515      156934      394559  0.876E-02  0.354E-02  0.663E-02
060211.578      157538      396108  0.876E-02  0.353E-02  0.662E-02
061212.001      158100      397634  0.875E-02  0.353E-02  0.661E-02
062211.782      158729      399177  0.875E-02  0.352E-02  0.660E-02
063211.798      159274      400648  0.875E-02  0.352E-02  0.659E-02
064211.576      159865      402153  0.875E-02  0.351E-02  0.658E-02
065211.792      160441      403666  0.875E-02  0.350E-02  0.658E-02
070211.834      160937      405189  0.875E-02  0.350E-02  0.658E-02
071211.857      161519      406710  0.875E-02  0.350E-02  0.657E-02
072211.899      162109      408254  0.875E-02  0.348E-02  0.658E-02
073211.916      162698      409750  0.875E-02  0.348E-02  0.659E-02
074211.844      163245      411210  0.875E-02  0.347E-02  0.658E-02
075211.879      163816      412760  0.875E-02  0.347E-02  0.657E-02
080211.876      164380      414279  0.875E-02  0.346E-02  0.656E-02
081211.898      164910      415819  0.875E-02  0.345E-02  0.656E-02
082211.880      165476      417367  0.875E-02  0.345E-02  0.655E-02
083211.893      166037      418913  0.875E-02  0.345E-02  0.654E-02
084211.587      166605      420430  0.875E-02  0.344E-02  0.654E-02
085211.824      167202      421978  0.875E-02  0.343E-02  0.653E-02
090211.968      167771      423530  0.875E-02  0.343E-02  0.652E-02
091211.889      168318      425058  0.874E-02  0.342E-02  0.652E-02
092211.682      168907      426631  0.874E-02  0.342E-02  0.651E-02
093211.838      169499      428200  0.874E-02  0.341E-02  0.650E-02
094211.796      170098      429788  0.874E-02  0.341E-02  0.649E-02
095211.804      170685      431340  0.874E-02  0.340E-02  0.648E-02
100211.838      171287      432892  0.874E-02  0.340E-02  0.648E-02
101211.830      171888      434447  0.873E-02  0.339E-02  0.647E-02
102211.606      172492      436024  0.873E-02  0.339E-02  0.646E-02
103211.769      173088      437620  0.873E-02  0.339E-02  0.645E-02
104211.662      173684      439192  0.873E-02  0.338E-02  0.644E-02
105211.656      174258      440716  0.873E-02  0.338E-02  0.644E-02
110211.825      174812      442293  0.873E-02  0.337E-02  0.643E-02
111211.600      175396      443860  0.873E-02  0.337E-02  0.642E-02
112211.634      175982      445420  0.873E-02  0.336E-02  0.641E-02
113211.809      176577      446977  0.872E-02  0.336E-02  0.640E-02
114211.970      177141      448517  0.872E-02  0.335E-02  0.640E-02
115211.641      177724      450073  0.872E-02  0.335E-02  0.639E-02
120211.616      178308      451636  0.872E-02  0.334E-02  0.638E-02
121211.766      178880      453173  0.872E-02  0.334E-02  0.637E-02
122211.738      179444      454749  0.872E-02  0.333E-02  0.636E-02
123211.675      179991      456309  0.872E-02  0.333E-02  0.636E-02
124211.911      180561      457873  0.872E-02  0.332E-02  0.635E-02
125211.911      181102      459419  0.872E-02  0.332E-02  0.635E-02
130211.858      181690      460982  0.872E-02  0.332E-02  0.634E-02
131211.837      182267      462553  0.871E-02  0.331E-02  0.633E-02
132212.000      182868      464111  0.871E-02  0.331E-02  0.632E-02
133211.738      183453      465677  0.871E-02  0.330E-02  0.631E-02
134211.890      184050      467265  0.870E-02  0.331E-02  0.629E-02
135211.832      184672      468842  0.869E-02  0.332E-02  0.626E-02
140212.074      185269      470418  0.869E-02  0.331E-02  0.625E-02
141211.786      185820      471985  0.869E-02  0.331E-02  0.624E-02
142211.649      186383      473547  0.869E-02  0.330E-02  0.623E-02
143211.710      186945      475100  0.869E-02  0.330E-02  0.623E-02
144211.679      187476      476674  0.869E-02  0.329E-02  0.622E-02
145211.927      188043      478243  0.868E-02  0.329E-02  0.621E-02
150211.916      188637      479792  0.868E-02  0.329E-02  0.621E-02
151211.909      189221      481335  0.868E-02  0.328E-02  0.620E-02
152211.594      189763      482903  0.868E-02  0.328E-02  0.619E-02
153211.859      190354      484446  0.868E-02  0.327E-02  0.619E-02
154211.761      190936      485997  0.868E-02  0.327E-02  0.618E-02
155211.593      191506      487567  0.868E-02  0.326E-02  0.618E-02
160211.962      192069      489124  0.868E-02  0.326E-02  0.617E-02
161211.963      192634      490654  0.868E-02  0.325E-02  0.617E-02
162211.997      193203      492214  0.868E-02  0.325E-02  0.616E-02
163211.828      193799      493762  0.868E-02  0.324E-02  0.615E-02
164211.767      194342      495296  0.868E-02  0.324E-02  0.615E-02
165211.734      194909      496836  0.868E-02  0.323E-02  0.614E-02
170211.728      195467      498373  0.867E-02  0.323E-02  0.613E-02
171211.961      196062      499904  0.867E-02  0.324E-02  0.610E-02
172211.792      196681      501466  0.866E-02  0.325E-02  0.607E-02
173211.880      197263      503039  0.865E-02  0.324E-02  0.607E-02
174211.611      197857      504600  0.865E-02  0.323E-02  0.606E-02
175211.849      198448      506155  0.865E-02  0.323E-02  0.606E-02
180211.718      199038      507718  0.865E-02  0.322E-02  0.605E-02
181211.793      199633      509244  0.865E-02  0.322E-02  0.605E-02
182211.708      200180      510805  0.865E-02  0.321E-02  0.604E-02
183211.622      200757      512376  0.865E-02  0.321E-02  0.604E-02
184211.899      201366      513954  0.865E-02  0.321E-02  0.603E-02
185211.740      201945      515527  0.865E-02  0.320E-02  0.602E-02
190211.885      202551      517089  0.864E-02  0.320E-02  0.601E-02
191211.858      203114      518639  0.864E-02  0.319E-02  0.600E-02
192211.615      203717      520197  0.864E-02  0.319E-02  0.600E-02
193211.707      204271      521710  0.864E-02  0.318E-02  0.599E-02
194211.551      204774      523155  0.864E-02  0.318E-02  0.599E-02
195211.903      205335      524669  0.864E-02  0.317E-02  0.598E-02
200211.614      205874      526162  0.864E-02  0.317E-02  0.598E-02
201211.982      206439      527625  0.864E-02  0.316E-02  0.598E-02
202211.860      206960      529135  0.864E-02  0.316E-02  0.597E-02
203211.766      207570      530698  0.863E-02  0.316E-02  0.595E-02
204211.729      208128      532258  0.862E-02  0.317E-02  0.592E-02
205212.093      208705      533788  0.862E-02  0.317E-02  0.592E-02
210211.756      209290      535328  0.861E-02  0.318E-02  0.589E-02
211211.768      209927      536883  0.860E-02  0.319E-02  0.586E-02
212211.919      210566      538435  0.859E-02  0.320E-02  0.583E-02
213211.626      211170      540009  0.859E-02  0.319E-02  0.582E-02
214212.035      211722      541592  0.859E-02  0.319E-02  0.582E-02
215211.697      212272      543147  0.859E-02  0.318E-02  0.581E-02
220211.641      212852      544720  0.859E-02  0.318E-02  0.581E-02
221211.606      213437      546314  0.859E-02  0.317E-02  0.580E-02
222211.957      214028      547895  0.859E-02  0.317E-02  0.580E-02
223211.993      214612      549445  0.858E-02  0.316E-02  0.579E-02
224211.843      215185      551009  0.858E-02  0.316E-02  0.579E-02
225211.645      215772      552569  0.858E-02  0.315E-02  0.578E-02
230211.915      216367      554100  0.858E-02  0.315E-02  0.578E-02
231211.640      216939      555637  0.858E-02  0.314E-02  0.577E-02
232211.649      217515      557178  0.858E-02  0.314E-02  0.577E-02
233211.641      218047      558670  0.858E-02  0.313E-02  0.576E-02
234212.013      218575      560182  0.858E-02  0.313E-02  0.575E-02
235211.839      219080      561647  0.858E-02  0.313E-02  0.574E-02
000211.590      219618      563181  0.858E-02  0.312E-02  0.574E-02
001211.994      220183      564661  0.858E-02  0.312E-02  0.574E-02
002211.680      220737      566210  0.858E-02  0.311E-02  0.574E-02
003211.801      221300      567749  0.858E-02  0.311E-02  0.573E-02
004211.775      221854      569298  0.857E-02  0.310E-02  0.572E-02
005211.564      222426      570835  0.857E-02  0.310E-02  0.571E-02
010211.727      223029      572383  0.856E-02  0.311E-02  0.568E-02
011211.830      223612      573870  0.855E-02  0.312E-02  0.565E-02
012211.741      224184      575391  0.854E-02  0.313E-02  0.563E-02
013211.758      224795      576949  0.854E-02  0.312E-02  0.563E-02
014211.715      225384      578515  0.854E-02  0.312E-02  0.562E-02
015211.849      225960      580067  0.854E-02  0.311E-02  0.562E-02
020211.690      226498      581600  0.854E-02  0.311E-02  0.561E-02
021211.873      227063      583158  0.854E-02  0.311E-02  0.561E-02
022211.742      227583      584712  0.854E-02  0.310E-02  0.560E-02
023211.927      228115      586272  0.854E-02  0.310E-02  0.560E-02
024211.854      228734      587862  0.854E-02  0.309E-02  0.559E-02
025211.867      229285      589417  0.853E-02  0.309E-02  0.558E-02
030211.806      229833      590965  0.853E-02  0.308E-02  0.558E-02
031211.919      230387      592512  0.853E-02  0.308E-02  0.557E-02
032211.763      230963      594050  0.853E-02  0.308E-02  0.557E-02
033211.579      231513      595579  0.853E-02  0.307E-02  0.556E-02
034211.900      232076      597140  0.853E-02  0.307E-02  0.556E-02
035211.631      232627      598625  0.852E-02  0.307E-02  0.554E-02
040211.829      233179      600168  0.851E-02  0.308E-02  0.552E-02
041211.789      233743      601662  0.851E-02  0.307E-02  0.551E-02
042211.547      234292      603190  0.851E-02  0.307E-02  0.551E-02
043212.026      234847      604675  0.851E-02  0.306E-02  0.551E-02
044211.901      235398      606212  0.851E-02  0.306E-02  0.550E-02
045211.919      235991      607775  0.851E-02  0.305E-02  0.550E-02
050211.584      236532      609300  0.851E-02  0.305E-02  0.549E-02
051211.609      237126      610875  0.851E-02  0.305E-02  0.549E-02
052211.756      237710      612430  0.851E-02  0.304E-02  0.548E-02
053211.924      238285      613994  0.851E-02  0.304E-02  0.548E-02
054211.605      238841      615552  0.850E-02  0.303E-02  0.548E-02
055211.906      239393      617102  0.850E-02  0.303E-02  0.547E-02
060211.728      239960      618627  0.850E-02  0.302E-02  0.546E-02
061211.999      240518      620170  0.832E-02  0.302E-02  0.513E-02
062211.884      241048      621651  0.850E-02  0.301E-02  0.545E-02
063211.654      241575      623178  0.850E-02  0.301E-02  0.545E-02
064211.773      242115      624709  0.850E-02  0.301E-02  0.544E-02
065211.767      242666      626288  0.850E-02  0.300E-02  0.543E-02
070211.866      243217      627851  0.850E-02  0.300E-02  0.543E-02
071211.951      243775      629429  0.850E-02  0.299E-02  0.543E-02
072211.681      244333      630987  0.849E-02  0.299E-02  0.541E-02
073211.774      244951      632558  0.848E-02  0.300E-02  0.539E-02
074211.734      245527      634152  0.848E-02  0.300E-02  0.538E-02
075211.779      246106      635713  0.848E-02  0.300E-02  0.537E-02
080211.749      246653      637249  0.848E-02  0.299E-02  0.537E-02
081212.066      247208      638775  0.848E-02  0.299E-02  0.536E-02
082211.922      247732      640306  0.848E-02  0.298E-02  0.536E-02
083211.715      248294      641884  0.848E-02  0.298E-02  0.536E-02
084211.893      248840      643439  0.848E-02  0.297E-02  0.536E-02
085211.777      249369      644987  0.848E-02  0.297E-02  0.534E-02
090211.756      250013      646546  0.846E-02  0.298E-02  0.531E-02
091211.890      250576      648075  0.845E-02  0.299E-02  0.529E-02
092211.865      251134      649650  0.845E-02  0.300E-02  0.527E-02
093211.703      251688      651171  0.845E-02  0.299E-02  0.526E-02
094211.983      252276      652703  0.843E-02  0.301E-02  0.523E-02
095211.611      252841      654238  0.843E-02  0.300E-02  0.522E-02
100211.779      253402      655780  0.843E-02  0.300E-02  0.522E-02
101211.813      253968      657334  0.843E-02  0.299E-02  0.521E-02
102211.960      254556      658878  0.842E-02  0.301E-02  0.518E-02
103211.893      255128      660418  0.842E-02  0.301E-02  0.517E-02
104211.705      255666      661976  0.842E-02  0.300E-02  0.517E-02
105211.699      256252      663530  0.841E-02  0.300E-02  0.516E-02
110211.728      256847      665095  0.840E-02  0.301E-02  0.513E-02
111211.855      257445      666664  0.840E-02  0.301E-02  0.512E-02
112211.629      258037      668292  0.840E-02  0.300E-02  0.512E-02
113211.921      258646      669936  0.839E-02  0.300E-02  0.511E-02
114211.861      259267      671566  0.838E-02  0.301E-02  0.508E-02
115211.926      259867      673205  0.838E-02  0.301E-02  0.508E-02
120211.775      260454      674830  0.838E-02  0.300E-02  0.507E-02
121211.792      261048      676469  0.838E-02  0.300E-02  0.506E-02
122211.576      261652      678097  0.838E-02  0.300E-02  0.506E-02
123211.482      262228      679727  0.838E-02  0.299E-02  0.506E-02
124211.784      262815      681370  0.838E-02  0.299E-02  0.505E-02
125211.609      263405      683015  0.837E-02  0.299E-02  0.503E-02
130211.636      264029      684654  0.837E-02  0.299E-02  0.502E-02
131211.593      264601      686286  0.837E-02  0.299E-02  0.502E-02
132211.781      265175      687931  0.837E-02  0.299E-02  0.501E-02
133211.757      265776      689584  0.837E-02  0.298E-02  0.500E-02
134211.759      266360      691223  0.837E-02  0.298E-02  0.500E-02
135211.715      266971      692861  0.837E-02  0.297E-02  0.500E-02
140211.678      267563      694482  0.836E-02  0.297E-02  0.499E-02
141211.848      268199      696099  0.835E-02  0.298E-02  0.496E-02
142211.527      268757      697709  0.835E-02  0.297E-02  0.496E-02
143211.571      269336      699315  0.835E-02  0.297E-02  0.495E-02
144211.702      269882      700944  0.835E-02  0.297E-02  0.495E-02
145211.592      270474      702541  0.835E-02  0.296E-02  0.495E-02
150211.819      270987      704153  0.835E-02  0.296E-02  0.494E-02
151211.756      271574      705763  0.835E-02  0.295E-02  0.494E-02
152211.959      272151      707378  0.835E-02  0.295E-02  0.494E-02
153211.675      272740      708999  0.835E-02  0.294E-02  0.493E-02
154211.731      273313      710630  0.835E-02  0.294E-02  0.492E-02
155211.783      273876      712280  0.834E-02  0.294E-02  0.492E-02
160211.849      274482      713928  0.835E-02  0.293E-02  0.492E-02
161211.615      275051      715559  0.834E-02  0.292E-02  0.491E-02
162211.891      275609      717195  0.834E-02  0.292E-02  0.491E-02
163211.744      276227      718825  0.834E-02  0.292E-02  0.490E-02
164211.853      276743      720470  0.834E-02  0.291E-02  0.491E-02
165211.568      277307      722095  0.834E-02  0.291E-02  0.490E-02
170211.840      277889      723734  0.833E-02  0.291E-02  0.488E-02
171211.646      278491      725379  0.833E-02  0.292E-02  0.486E-02
172211.580      279029      727019  0.833E-02  0.291E-02  0.486E-02
173211.651      279609      728665  0.833E-02  0.291E-02  0.485E-02
174211.775      280223      730306  0.832E-02  0.292E-02  0.483E-02
175211.774      280846      731937  0.831E-02  0.292E-02  0.482E-02
180211.829      281418      733578  0.831E-02  0.292E-02  0.481E-02
181211.772      281986      735175  0.831E-02  0.291E-02  0.481E-02
182211.636      282542      736755  0.831E-02  0.290E-02  0.481E-02
183211.937      283112      738375  0.831E-02  0.290E-02  0.481E-02
184211.814      283682      739989  0.831E-02  0.290E-02  0.481E-02
185211.917      284249      741601  0.831E-02  0.289E-02  0.481E-02
190211.711      284827      743210  0.831E-02  0.289E-02  0.480E-02
191211.722      285439      744803  0.830E-02  0.290E-02  0.477E-02
192211.577      286053      746416  0.828E-02  0.291E-02  0.475E-02
193211.786      286651      748018  0.828E-02  0.291E-02  0.473E-02
194211.638      287175      749632  0.828E-02  0.291E-02  0.473E-02
195211.904      287759      751236  0.828E-02  0.290E-02  0.473E-02
200211.635      288325      752841  0.827E-02  0.290E-02  0.472E-02
201211.585      288836      754455  0.827E-02  0.290E-02  0.472E-02
202211.935      289372      756060  0.827E-02  0.289E-02  0.472E-02
203211.869      289933      757653  0.827E-02  0.289E-02  0.471E-02
204211.855      290525      759274  0.827E-02  0.288E-02  0.471E-02
205211.985      291089      760864  0.827E-02  0.288E-02  0.470E-02
210211.550      291658      762466  0.826E-02  0.288E-02  0.469E-02
211211.613      292258      764064  0.826E-02  0.289E-02  0.467E-02
212211.710      292824      765666  0.826E-02  0.288E-02  0.467E-02
213211.632      293422      767292  0.826E-02  0.288E-02  0.466E-02
214211.637      294034      768890  0.825E-02  0.288E-02  0.464E-02
215211.745      294617      770494  0.824E-02  0.289E-02  0.463E-02
220211.631      295160      772103  0.824E-02  0.289E-02  0.462E-02
221211.998      295737      773715  0.823E-02  0.290E-02  0.460E-02
222211.811      296317      775323  0.823E-02  0.289E-02  0.459E-02
223211.711      296901      776933  0.823E-02  0.289E-02  0.459E-02
224211.632      297473      778567  0.823E-02  0.288E-02  0.458E-02
225211.548      298040      780212  0.822E-02  0.288E-02  0.458E-02
230211.824      298613      781853  0.823E-02  0.288E-02  0.457E-02
231211.669      299225      783494  0.822E-02  0.288E-02  0.455E-02
232211.739      299787      785131  0.821E-02  0.289E-02  0.453E-02
233211.683      300346      786743  0.820E-02  0.290E-02  0.452E-02
234211.562      300889      788354  0.820E-02  0.289E-02  0.452E-02
235211.667      301461      789961  0.819E-02  0.290E-02  0.449E-02
000211.881      302037      791576  0.819E-02  0.290E-02  0.449E-02
001211.810      302600      793177  0.819E-02  0.290E-02  0.448E-02
002211.876      303162      794801  0.819E-02  0.289E-02  0.448E-02
003211.606      303674      796399  0.819E-02  0.289E-02  0.448E-02
004211.688      304265      797998  0.817E-02  0.290E-02  0.445E-02
005211.660      304834      799599  0.817E-02  0.290E-02  0.444E-02
010211.764      305417      801215  0.817E-02  0.289E-02  0.444E-02
011211.643      305975      802812  0.817E-02  0.289E-02  0.444E-02
012211.808      306567      804403  0.817E-02  0.288E-02  0.444E-02
013211.940      307156      806005  0.817E-02  0.288E-02  0.443E-02
014211.909      307711      807609  0.817E-02  0.288E-02  0.442E-02
015211.676      308292      809223  0.816E-02  0.289E-02  0.441E-02
020211.790      308846      810829  0.816E-02  0.288E-02  0.441E-02
021211.808      309397      812447  0.816E-02  0.288E-02  0.440E-02
022211.827      310005      814089  0.815E-02  0.289E-02  0.438E-02
023211.825      310593      815716  0.815E-02  0.289E-02  0.437E-02
024211.786      311129      817362  0.815E-02  0.288E-02  0.437E-02
025211.860      311681      819011  0.815E-02  0.288E-02  0.436E-02
030211.816      312236      820659  0.814E-02  0.287E-02  0.436E-02
031211.737      312813      822300  0.814E-02  0.288E-02  0.434E-02
032211.854      313432      823954  0.813E-02  0.289E-02  0.432E-02
033211.804      314072      825592  0.812E-02  0.290E-02  0.430E-02
034211.659      314680      827239  0.812E-02  0.289E-02  0.430E-02
035211.637      315286      828886  0.812E-02  0.289E-02  0.430E-02
040211.637      315847      830541  0.812E-02  0.288E-02  0.429E-02
041211.714      316405      832172  0.812E-02  0.288E-02  0.429E-02
042211.776      316954      833798  0.812E-02  0.287E-02  0.429E-02
043211.576      317538      835440  0.811E-02  0.287E-02  0.428E-02
044211.747      318120      837058  0.810E-02  0.288E-02  0.426E-02
045211.540      318685      838641  0.810E-02  0.288E-02  0.425E-02
050211.820      319249      840228  0.810E-02  0.288E-02  0.425E-02
051211.845      319788      841841  0.810E-02  0.287E-02  0.425E-02
052211.773      320367      843486  0.810E-02  0.287E-02  0.425E-02
053211.705      320919      845145  0.810E-02  0.286E-02  0.424E-02
054211.598      321492      846792  0.810E-02  0.286E-02  0.424E-02
055211.482      322068      848444  0.810E-02  0.286E-02  0.423E-02
060211.564      322590      850088  0.810E-02  0.285E-02  0.423E-02
061211.693      323161      851723  0.810E-02  0.285E-02  0.423E-02
062211.783      323732      853382  0.809E-02  0.286E-02  0.421E-02
063211.838      324332      855037  0.808E-02  0.287E-02  0.419E-02
064211.603      324935      856687  0.807E-02  0.288E-02  0.417E-02
065211.868      325512      858331  0.806E-02  0.288E-02  0.415E-02
070211.841      326051      859963  0.806E-02  0.288E-02  0.415E-02
071211.682      326587      861614  0.806E-02  0.287E-02  0.415E-02
072211.625      327137      863232  0.806E-02  0.287E-02  0.415E-02
073211.729      327706      864854  0.806E-02  0.287E-02  0.414E-02
074211.554      328273      866449  0.805E-02  0.288E-02  0.412E-02
075212.015      328859      868040  0.805E-02  0.287E-02  0.412E-02
080211.704      329437      869651  0.805E-02  0.287E-02  0.411E-02
081211.762      329997      871295  0.805E-02  0.286E-02  0.411E-02
082211.709      330573      872929  0.804E-02  0.287E-02  0.410E-02
083211.732      331175      874571  0.804E-02  0.287E-02  0.408E-02
084211.746      331720      876208  0.804E-02  0.287E-02  0.408E-02
085211.595      332273      877836  0.804E-02  0.286E-02  0.408E-02
090211.722      332837      879483  0.804E-02  0.286E-02  0.407E-02
091211.882      333425      881131  0.804E-02  0.285E-02  0.407E-02
092211.706      333940      882770  0.803E-02  0.285E-02  0.407E-02
093211.714      334494      884415  0.803E-02  0.284E-02  0.406E-02
094211.673      335053      886058  0.803E-02  0.284E-02  0.406E-02
095211.849      335623      887713  0.803E-02  0.284E-02  0.406E-02
100211.719      336166      889347  0.803E-02  0.283E-02  0.405E-02
101211.776      336722      890960  0.803E-02  0.283E-02  0.405E-02
102211.764      337265      892573  0.803E-02  0.282E-02  0.405E-02
